<?xml version="1.0" encoding="UTF-8"?>
<!-- Generated by org.testng.reporters.JUnitReportReporter -->
<testsuite skipped="0" hostname="DESKTOP-S3RV3MH" name="tasksToDevelop.Task1" tests="1" failures="0" timestamp="24 Jan 2019 08:09:33 GMT" time="9.551" errors="0">
  <testcase name="Test1" time="9.551" classname="tasksToDevelop.Task1"/>
</testsuite> <!-- tasksToDevelop.Task1 -->
