<?xml version="1.0" encoding="UTF-8"?>
<!-- Generated by org.testng.reporters.JUnitReportReporter -->
<testsuite skipped="0" hostname="DESKTOP-S3RV3MH" name="tasksToDevelop.DropdownValuesInTripHeader" tests="1" failures="0" timestamp="24 Jan 2019 11:14:21 GMT" time="1.287" errors="0">
  <testcase name="tripDropdown" time="1.287" classname="tasksToDevelop.DropdownValuesInTripHeader"/>
</testsuite> <!-- tasksToDevelop.DropdownValuesInTripHeader -->
