<?xml version="1.0" encoding="UTF-8"?>
<!-- Generated by org.testng.reporters.JUnitReportReporter -->
<testsuite skipped="0" hostname="DESKTOP-S3RV3MH" name="tasksToDevelop.LoginFieldValidation" tests="1" failures="0" timestamp="24 Jan 2019 11:14:21 GMT" time="1.611" errors="0">
  <testcase name="LoginFieldsCheck" time="1.611" classname="tasksToDevelop.LoginFieldValidation"/>
</testsuite> <!-- tasksToDevelop.LoginFieldValidation -->
